[INFO ] 2025-03-09 12:42:09.538 [main] AbstractStepDef - first step
[INFO ] 2025-03-10 12:43:32.728 [main] AbstractStepDef - first step
[INFO ] 2025-03-10 12:43:59.523 [main] AbstractStepDef - first home page setp
[INFO ] 2025-03-10 12:43:59.674 [main] AbstractStepDef - second
[INFO ] 2025-03-16 11:59:39.829 [main] AbstractStepDef - first step
[INFO ] 2025-03-16 11:59:58.924 [main] AbstractStepDef - first home page setp
[INFO ] 2025-03-16 11:59:59.082 [main] AbstractStepDef - second hi
[INFO ] 2025-03-16 12:00:58.846 [main] AbstractStepDef - first step
[INFO ] 2025-03-16 12:01:28.959 [main] AbstractStepDef - first step
[INFO ] 2025-03-16 13:01:16.196 [main] AbstractStepDef - first step
[INFO ] 2025-03-16 16:04:10.612 [main] AbstractStepDef - first step
[INFO ] 2025-03-16 16:05:37.670 [main] AbstractStepDef - first step
[INFO ] 2025-03-16 16:05:52.639 [main] AbstractStepDef - first home page setp
[INFO ] 2025-03-16 16:05:52.808 [main] AbstractStepDef - second hi
[INFO ] 2025-03-16 16:06:36.364 [main] AbstractStepDef - first step
[INFO ] 2025-03-16 16:06:51.268 [main] AbstractStepDef - first home page setp
[INFO ] 2025-03-16 16:06:51.416 [main] AbstractStepDef - second hi
[INFO ] 2025-03-16 17:40:35.955 [main] AbstractStepDef - first step
[INFO ] 2025-03-16 17:40:51.311 [main] AbstractStepDef - first home page setp
[INFO ] 2025-03-16 17:40:51.530 [main] AbstractStepDef - second hi
[INFO ] 2025-03-16 17:44:24.633 [main] AbstractStepDef - first step
[INFO ] 2025-03-16 17:44:38.527 [main] AbstractStepDef - first home page setp
[INFO ] 2025-03-16 17:44:38.715 [main] AbstractStepDef - second hi
[INFO ] 2025-03-16 17:45:24.960 [main] AbstractStepDef - get all data from excel file
[INFO ] 2025-03-16 17:45:42.123 [main] AbstractStepDef - first home page setp
[INFO ] 2025-03-16 17:45:42.280 [main] AbstractStepDef - second hi
[INFO ] 2025-03-16 18:24:18.540 [main] AbstractStepDef - get all data from excel file
[INFO ] 2025-03-16 18:25:42.884 [main] AbstractStepDef - get all data from excel file
[INFO ] 2025-03-16 18:25:56.871 [main] AbstractStepDef - first home page setp
[INFO ] 2025-03-16 18:25:57.029 [main] AbstractStepDef - second hi
